Arguments: 
  C:\Program Files\nodejs\node.exe C:\Users\hp\AppData\Roaming\npm\node_modules\yarn\bin\yarn.js install

PATH: 
  C:\ActiveTcl\bin;C:\oraclexe\app\oracle\product\10.2.0\server\bin;C:\Program Files (x86)\Intel\iCLS Client\;C:\Program Files\Intel\iCLS Client\;C:\Windows\system32;C:\Windows;C:\Windows\System32\Wbem;C:\Windows\System32\WindowsPowerShell\v1.0\;C:\Program Files (x86)\Intel\Intel(R) Management Engine Components\DAL;C:\Program Files\Intel\Intel(R) Management Engine Components\DAL;C:\Program Files (x86)\Intel\Intel(R) Management Engine Components\IPT;C:\Program Files\Intel\Intel(R) Management Engine Components\IPT;C:\Program Files (x86)\NVIDIA Corporation\PhysX\Common;C:\WINDOWS\system32;C:\WINDOWS;C:\WINDOWS\System32\Wbem;C:\WINDOWS\System32\WindowsPowerShell\v1.0\;C:\WINDOWS\System32\OpenSSH\;F:\software\instantclient_18_3;C:\Program Files\PuTTY\;C:\Users\hp\AppData\Local\Android\Sdk\platform-tools;C:\Program Files\NVIDIA Corporation\NVIDIA NvDLISR;C:\Program Files\Java\jdk1.8.0_162;C:\Program Files (x86)\php-8.1.2-Win32-vs16-x64;C:\Program Files (x86)\XAMPP\php;C:\ProgramData\ComposerSetup\bin;C:\Program Files\flutter\bin;C:\Program Files\nodejs\;C:\Program Files\Python;C:\Program Files\Python\Scripts;F:\Intellij\Blockchain\web3j-4.4.0\web3j-4.4.0\bin;F:\Intellij\Blockchain\solidity-windows 0.4.16;C:\Program Files\Git\cmd;C:\Program Files\MySQL\MySQL Shell 8.0\bin\;C:\Program Files\Java\jdk1.8.0_162\bin;C:\Users\hp\AppData\Local\Microsoft\WindowsApps;F:\software\instantclient_18_3;C:\Users\hp\AppData\Roaming\Dashlane\6.1907.0.17833\bin\Firefox_Extension\{442718d9-475e-452a-b3e1-fb1ee16b8e9f}\components;C:\Users\hp\AppData\Roaming\Dashlane\6.1907.0.17833\ucrt;C:\Users\hp\AppData\Roaming\Dashlane\6.1907.0.17833\bin\Qt;C:\Users\hp\AppData\Roaming\Dashlane\6.1907.0.17833\bin\Ssl;C:\Users\hp\AppData\Local\Programs\Microsoft VS Code\bin;C:\Users\hp\AppData\Roaming\Composer\vendor\bin;C:\Program Files\flutter\bin;C:\Users\hp\AppData\Roaming\npm;C:\Program Files\Git\usr\bin;C:\Users\hp\AppData\Local\GitHubDesktop\bin;C:\Program Files\JetBrains\IntelliJ IDEA Community Edition 2021.3.2\bin;;

Yarn version: 
  1.22.17

Node version: 
  16.14.0

Platform: 
  win32 x64

Trace: 
  Error: https://registry.yarnpkg.com/native-base/-/native-base-3.4.0.tgz: ESOCKETTIMEDOUT
      at ClientRequest.<anonymous> (C:\Users\hp\AppData\Roaming\npm\node_modules\yarn\lib\cli.js:141510:19)
      at Object.onceWrapper (node:events:639:28)
      at ClientRequest.emit (node:events:520:28)
      at TLSSocket.emitRequestTimeout (node:_http_client:758:9)
      at Object.onceWrapper (node:events:639:28)
      at TLSSocket.emit (node:events:532:35)
      at TLSSocket.Socket._onTimeout (node:net:501:8)
      at listOnTimeout (node:internal/timers:559:17)
      at processTimers (node:internal/timers:502:7)

npm manifest: 
  {
    "name": "my-app2",
    "version": "1.0.0",
    "main": "node_modules/expo/AppEntry.js",
    "keywords": [
      "react",
      "expo",
      "template",
      "nativebase"
    ],
    "license": "MIT",
    "scripts": {
      "start": "expo start",
      "android": "expo start --android",
      "ios": "expo start --ios",
      "web": "expo start --web",
      "eject": "expo eject"
    },
    "dependencies": {
      "expo": "^44.0.0",
      "expo-status-bar": "~1.2.0",
      "native-base": "3.4.0",
      "react": "17.0.1",
      "react-dom": "17.0.1",
      "react-native": "0.64.3",
      "react-native-safe-area-context": "3.3.2",
      "react-native-svg": "12.1.1",
      "react-native-web": "0.17.1"
    },
    "devDependencies": {
      "@babel/core": "^7.12.9"
    },
    "bugs": {
      "url": "https://github.com/GeekyAnts/nativebase-templates/issues"
    },
    "homepage": "https://github.com/GeekyAnts/nativebase-templates#readme",
    "author": "Aditya Jamuar",
    "private": true
  }

yarn manifest: 
  No manifest

Lockfile: 
  No lockfile
